<?xml version="1.0" encoding="utf-8" standalone="no"?>
<!--This file represents the results of running a test suite-->
<test-results name="C:\Users\Glen\Documents\Visual Studio 2013\Projects\FizzBuzz\FizzBuzz.Tests\bin\Debug\FizzBuzz.Tests.dll" total="4" errors="0" failures="0" not-run="0" inconclusive="0" ignored="0" skipped="0" invalid="0" date="2013-10-28" time="08:02:53">
  <environment nunit-version="2.6.3.13283" clr-version="2.0.50727.6407" os-version="Microsoft Windows NT 6.2.9200.0" platform="Win32NT" cwd="C:\Program Files (x86)\NUnit 2.6.3\bin" machine-name="LAPPY" user="Glen" user-domain="Lappy" />
  <culture-info current-culture="en-GB" current-uiculture="en-US" />
  <test-suite type="Assembly" name="C:\Users\Glen\Documents\Visual Studio 2013\Projects\FizzBuzz\FizzBuzz.Tests\bin\Debug\FizzBuzz.Tests.dll" executed="True" result="Success" success="True" time="0.116" asserts="0">
    <results>
      <test-suite type="Namespace" name="FizzBuzz" executed="True" result="Success" success="True" time="0.101" asserts="0">
        <results>
          <test-suite type="Namespace" name="Tests" executed="True" result="Success" success="True" time="0.100" asserts="0">
            <results>
              <test-suite type="TestFixture" name="FBTests" executed="True" result="Success" success="True" time="0.098" asserts="0">
                <results>
                  <test-case name="FizzBuzz.Tests.FBTests.DifferentNumberTest" executed="True" result="Success" success="True" time="0.070" asserts="1" />
                  <test-case name="FizzBuzz.Tests.FBTests.MulitpleNumber3Test" executed="True" result="Success" success="True" time="0.000" asserts="1" />
                  <test-case name="FizzBuzz.Tests.FBTests.Number15Test" executed="True" result="Success" success="True" time="0.003" asserts="1" />
                  <test-case name="FizzBuzz.Tests.FBTests.Number5Test" executed="True" result="Success" success="True" time="0.000" asserts="1" />
                </results>
              </test-suite>
            </results>
          </test-suite>
        </results>
      </test-suite>
    </results>
  </test-suite>
</test-results>